2025-06-08 23:32:21,436 - INFO - Economic Forecasting Pipeline initiated
2025-06-08 23:32:21,436 - INFO - 🔍 Checking dependencies...
2025-06-08 23:32:21,811 - INFO - ✅ pandas - OK
2025-06-08 23:32:21,812 - INFO - ✅ numpy - OK
2025-06-08 23:32:21,893 - INFO - ✅ matplotlib - OK
2025-06-08 23:32:22,539 - INFO - ✅ seaborn - OK
2025-06-08 23:32:22,545 - INFO - ✅ plotly - OK
2025-06-08 23:32:22,545 - INFO - ✅ statsmodels - OK
2025-06-08 23:32:22,584 - INFO - ✅ requests - OK
2025-06-08 23:32:22,822 - INFO - ✅ streamlit - OK
2025-06-08 23:32:22,847 - INFO - ✅ joblib - OK
2025-06-08 23:32:22,847 - INFO - ✅ scipy - OK
2025-06-08 23:32:22,847 - INFO - ✅ All dependencies satisfied
2025-06-08 23:32:22,847 - INFO - 📁 Setting up directory structure...
2025-06-08 23:32:22,847 - INFO - ✅ Created/verified: data/raw
2025-06-08 23:32:22,848 - INFO - ✅ Created/verified: data/processed
2025-06-08 23:32:22,848 - INFO - ✅ Created/verified: models
2025-06-08 23:32:22,848 - INFO - ✅ Created/verified: results
2025-06-08 23:32:22,848 - INFO - ✅ Created/verified: notebooks/figures
2025-06-08 23:32:22,848 - INFO - ✅ Created/verified: logs
2025-06-08 23:32:22,848 - INFO - ✅ Created/verified: app
2025-06-08 23:32:22,848 - INFO - ✅ Directory structure ready
2025-06-08 23:32:22,848 - INFO - 
============================================================
2025-06-08 23:32:22,848 - INFO - 📊 STEP 1: DATA COLLECTION
2025-06-08 23:32:22,848 - INFO - ============================================================
2025-06-08 23:32:22,849 - WARNING - ⚠️ FRED API key not configured!
2025-06-08 23:32:22,849 - WARNING - Please set FRED_API_KEY environment variable
2025-06-08 23:32:22,849 - WARNING - Get your free API key at: https://research.stlouisfed.org/
2025-06-08 23:32:39,911 - INFO - 🔄 Collecting 7 economic indicators...
2025-06-08 23:32:41,809 - INFO - ✅ Data collection completed successfully
2025-06-08 23:32:41,809 - INFO - 📁 Data saved to: data/raw/economic_data.csv
2025-06-08 23:32:41,809 - INFO - 
============================================================
2025-06-08 23:32:41,809 - INFO - 🔧 STEP 2: DATA PREPROCESSING
2025-06-08 23:32:41,809 - INFO - ============================================================
2025-06-08 23:32:42,097 - INFO - ✅ Preprocessing completed successfully
2025-06-08 23:32:42,097 - INFO - 📊 Final dataset shape: (291, 77)
2025-06-08 23:32:42,097 - INFO - 📈 Features created: 70
2025-06-08 23:32:42,097 - INFO - 📉 Data loss: 4.6%
2025-06-08 23:32:42,097 - INFO - 
📋 Transformations Applied:
2025-06-08 23:32:42,097 - INFO -    GDP: difference
2025-06-08 23:32:42,097 - INFO -    UNEMPLOYMENT: none
2025-06-08 23:32:42,097 - INFO -    INFLATION: difference
2025-06-08 23:32:42,097 - INFO -    FED_RATE: none
2025-06-08 23:32:42,098 - INFO -    EMPLOYMENT: difference
2025-06-08 23:32:42,098 - INFO -    INDUSTRIAL_PRODUCTION: difference
2025-06-08 23:32:42,098 - INFO -    CONSUMER_SENTIMENT: difference
2025-06-08 23:32:42,098 - INFO - 
============================================================
2025-06-08 23:32:42,098 - INFO - 📈 STEP 3: EXPLORATORY DATA ANALYSIS
2025-06-08 23:32:42,098 - INFO - ============================================================
2025-06-08 23:33:01,435 - INFO - ✅ EDA completed successfully
2025-06-08 23:33:01,435 - INFO - 📊 Analysis dataset shape: (291, 77)
2025-06-08 23:33:01,436 - INFO - 📋 Main indicators analyzed: 7
2025-06-08 23:33:01,436 - INFO - 
🔗 Key Correlations Identified:
2025-06-08 23:33:01,436 - INFO -    Strongest positive: EMPLOYMENT ↔ INDUSTRIAL_PRODUCTION (0.786)
2025-06-08 23:33:01,436 - INFO -    Strongest negative: UNEMPLOYMENT ↔ FED_RATE (-0.586)
2025-06-08 23:33:01,436 - INFO - 
============================================================
2025-06-08 23:33:01,436 - INFO - 🤖 STEP 4: MODEL DEVELOPMENT
2025-06-08 23:33:01,436 - INFO - ============================================================
2025-06-08 23:35:01,345 - INFO - ✅ Modeling completed successfully
2025-06-08 23:35:01,345 - INFO - 📊 Models trained: 21
2025-06-08 23:35:01,345 - INFO - 🏆 Best performing model: ARIMA_INFLATION
2025-06-08 23:35:01,345 - INFO - 📈 Best RMSE: 0.8470
2025-06-08 23:35:01,345 - INFO - 📈 Best MAE: 0.6003
2025-06-08 23:35:01,345 - INFO - 
🏆 Model Rankings (Top 3):
2025-06-08 23:35:01,346 - INFO -    1. ARIMA_INFLATION (RMSE: 0.8470)
2025-06-08 23:35:01,346 - INFO -    2. ARIMA_INDUSTRIAL_PRODUCTION (RMSE: 1.5255)
2025-06-08 23:35:01,346 - INFO -    3. ARIMA_CONSUMER_SENTIMENT (RMSE: 4.6854)
2025-06-08 23:35:01,348 - INFO - 
============================================================
2025-06-08 23:35:01,348 - INFO - 📊 STEP 5: MODEL EVALUATION
2025-06-08 23:35:01,348 - INFO - ============================================================
2025-06-08 23:35:03,580 - INFO - ✅ Model evaluation completed successfully
2025-06-08 23:35:03,580 - INFO - 🏆 Best model: ARIMA_INFLATION
2025-06-08 23:35:03,580 - INFO - 📈 Performance category: Excellent
2025-06-08 23:35:03,580 - INFO - 📊 Overall rank: 1.0
2025-06-08 23:35:03,581 - INFO - 
📊 Performance Distribution:
2025-06-08 23:35:03,581 - INFO -    Excellent: 4 models
2025-06-08 23:35:03,581 - INFO -    Poor: 4 models
2025-06-08 23:35:03,581 - INFO -    Good: 3 models
2025-06-08 23:35:03,581 - INFO -    Fair: 3 models
2025-06-08 23:35:03,581 - INFO - 
============================================================
2025-06-08 23:35:03,581 - INFO - 🖥️ STEP 6: DASHBOARD PREPARATION
2025-06-08 23:35:03,581 - INFO - ============================================================
2025-06-08 23:35:03,581 - INFO - ✅ Dashboard file found
2025-06-08 23:35:03,582 - INFO - ✅ data/processed/processed_economic_data.csv - Available
2025-06-08 23:35:03,582 - INFO - ✅ models/model_comparison.csv - Available
2025-06-08 23:35:03,582 - INFO - ✅ results/enhanced_model_comparison.csv - Available
2025-06-08 23:35:03,582 - INFO - ✅ Dashboard ready for deployment
2025-06-08 23:35:03,582 - INFO - 🚀 Run dashboard with: streamlit run /workspaces/Macro-forecast/app/dashboard.py
2025-06-08 23:35:03,582 - INFO - 
============================================================
2025-06-08 23:35:03,582 - INFO - 📋 PIPELINE EXECUTION REPORT
2025-06-08 23:35:03,582 - INFO - ============================================================
2025-06-08 23:35:03,582 - INFO - 📋 Pipeline report saved to: /workspaces/Macro-forecast/results/pipeline_report_20250608_233503.txt
2025-06-08 23:35:03,582 - INFO - 🎉 Pipeline completed successfully!
